D:\VS\visual studio\MSBuild\Microsoft\VC\v170\Microsoft.CppBuild.targets(1119,5): warning MSB8027: 名为 moc_myglwidget.cpp 的两个或更多文件将生成到同一位置的输出。这会导致错误的生成结果。   调用的文件是 debug\moc_myglwidget.cpp, release\moc_myglwidget.cpp。
  main.cpp
C:\Users\Orange_Seventh\Desktop\计图\SYSU_OGfinal\myglwidget.h(1,1): warning C4819: 该文件包含不能在当前代码页(936)中表示的字符。请将该文件保存为 Unicode 格式以防止数据丢失
  (编译源文件“main.cpp”)
  
C:\Users\Orange_Seventh\Desktop\计图\SYSU_OGfinal\myglwidget.h(7,10): error C1083: 无法打开包括文件: “GL/glew.h”: No such file or directory
  (编译源文件“main.cpp”)
  
  myglwidget.cpp
C:\Users\Orange_Seventh\Desktop\计图\SYSU_OGfinal\myglwidget.cpp(1,1): warning C4819: 该文件包含不能在当前代码页(936)中表示的字符。请将该文件保存为 Unicode 格式以防止数据丢失
C:\Users\Orange_Seventh\Desktop\计图\SYSU_OGfinal\myglwidget.h(1,1): warning C4819: 该文件包含不能在当前代码页(936)中表示的字符。请将该文件保存为 Unicode 格式以防止数据丢失
  (编译源文件“myglwidget.cpp”)
  
C:\Users\Orange_Seventh\Desktop\计图\SYSU_OGfinal\myglwidget.h(7,10): error C1083: 无法打开包括文件: “GL/glew.h”: No such file or directory
  (编译源文件“myglwidget.cpp”)
  
  moc_myglwidget.cpp
C:\Users\Orange_Seventh\Desktop\计图\SYSU_OGfinal\myglwidget.h(1,1): warning C4819: 该文件包含不能在当前代码页(936)中表示的字符。请将该文件保存为 Unicode 格式以防止数据丢失
  (编译源文件“debug/moc_myglwidget.cpp”)
  
C:\Users\Orange_Seventh\Desktop\计图\SYSU_OGfinal\myglwidget.h(7,10): error C1083: 无法打开包括文件: “GL/glew.h”: No such file or directory
  (编译源文件“debug/moc_myglwidget.cpp”)
  
  moc_myglwidget.cpp
C:\Users\Orange_Seventh\Desktop\计图\SYSU_OGfinal\myglwidget.h(1,1): warning C4819: 该文件包含不能在当前代码页(936)中表示的字符。请将该文件保存为 Unicode 格式以防止数据丢失
  (编译源文件“release/moc_myglwidget.cpp”)
  
C:\Users\Orange_Seventh\Desktop\计图\SYSU_OGfinal\myglwidget.h(7,10): error C1083: 无法打开包括文件: “GL/glew.h”: No such file or directory
  (编译源文件“release/moc_myglwidget.cpp”)
  
  正在生成代码...
